Traceback (most recent call last):
  File "<frozen runpy>", line 198, in _run_module_as_main
  File "<frozen runpy>", line 88, in _run_code
  File "/CWD/crashing_test.py", line 1, in <module>
    raise Exception("Nothing to see here")
Exception: Nothing to see here
